<?xml version="1.0" encoding="UTF-8"?>
<Site BuildName="Linux-c++"
	BuildStamp="20250519-0915-Experimental"
	Name="fedora"
	Generator="ctest-3.31.6"
	CompilerName="/usr/bin/c++"
	CompilerVersion="15.1.1"
	OSName="Linux"
	Hostname="fedora"
	OSRelease="6.14.5-300.fc42.x86_64"
	OSVersion="#1 SMP PREEMPT_DYNAMIC Fri May  2 14:16:46 UTC 2025"
	OSPlatform="x86_64"
	Is64Bits="1"
	VendorString="AuthenticAMD"
	VendorID="Advanced Micro Devices"
	FamilyID="25"
	ModelID="68"
	ModelName="AMD Ryzen 7 7735HS with Radeon Graphics"
	ProcessorCacheSize="512"
	NumberOfLogicalCPU="16"
	NumberOfPhysicalCPU="8"
	TotalVirtualMemory="8191"
	TotalPhysicalMemory="15216"
	LogicalProcessorsPerPhysical="2"
	ProcessorClockFrequency="4419.77"
	>
	<Testing>
		<StartDateTime>May 19 12:15 EEST</StartDateTime>
		<StartTestTime>1747646127</StartTestTime>
		<TestList/>
		<EndDateTime>May 19 12:15 EEST</EndDateTime>
		<EndTestTime>1747646127</EndTestTime>
		<ElapsedMinutes>0</ElapsedMinutes>
	</Testing>
</Site>
