<?xml version="1.0" encoding="UTF-8"?>
<Site BuildName="Linux-g++"
	BuildStamp="20250326-1946-Experimental"
	Name="fedora"
	Generator="ctest-3.30.8"
	CompilerName="/usr/bin/g++"
	CompilerVersion="14.2.1"
	OSName="Linux"
	Hostname="fedora"
	OSRelease="6.13.7-200.fc41.x86_64"
	OSVersion="#1 SMP PREEMPT_DYNAMIC Thu Mar 13 17:46:13 UTC 2025"
	OSPlatform="x86_64"
	Is64Bits="1"
	VendorString="AuthenticAMD"
	VendorID="Advanced Micro Devices"
	FamilyID="25"
	ModelID="68"
	ProcessorCacheSize="512"
	NumberOfLogicalCPU="16"
	NumberOfPhysicalCPU="8"
	TotalVirtualMemory="8191"
	TotalPhysicalMemory="15213"
	LogicalProcessorsPerPhysical="2"
	ProcessorClockFrequency="3122.61"
	>
	<Testing>
		<StartDateTime>Mar 26 21:46 EET</StartDateTime>
		<StartTestTime>1743018374</StartTestTime>
		<TestList/>
		<EndDateTime>Mar 26 21:46 EET</EndDateTime>
		<EndTestTime>1743018374</EndTestTime>
		<ElapsedMinutes>0</ElapsedMinutes>
	</Testing>
</Site>
